{"/home/ozone/Desktop/hackathon/test.js":{"path":"/home/ozone/Desktop/hackathon/test.js","s":{"1":1,"2":1,"3":1,"4":1,"5":1,"6":0,"7":0,"8":0,"9":0,"10":0,"11":0,"12":0,"13":0,"14":0,"15":0},"b":{},"f":{},"fnMap":{},"statementMap":{"1":{"start":{"line":10,"column":0},"end":{"line":10,"column":33}},"2":{"start":{"line":11,"column":0},"end":{"line":11,"column":32}},"3":{"start":{"line":13,"column":0},"end":{"line":35,"column":3}},"4":{"start":{"line":14,"column":2},"end":{"line":34,"column":5}},"5":{"start":{"line":15,"column":4},"end":{"line":15,"column":13}},"6":{"start":{"line":16,"column":4},"end":{"line":21,"column":6}},"7":{"start":{"line":22,"column":4},"end":{"line":32,"column":7}},"8":{"start":{"line":23,"column":6},"end":{"line":23,"column":46}},"9":{"start":{"line":24,"column":6},"end":{"line":24,"column":20}},"10":{"start":{"line":25,"column":6},"end":{"line":27,"column":9}},"11":{"start":{"line":26,"column":8},"end":{"line":26,"column":22}},"12":{"start":{"line":28,"column":6},"end":{"line":31,"column":9}},"13":{"start":{"line":29,"column":8},"end":{"line":29,"column":56}},"14":{"start":{"line":30,"column":8},"end":{"line":30,"column":15}},"15":{"start":{"line":33,"column":4},"end":{"line":33,"column":14}}},"branchMap":{}},"/home/ozone/Desktop/hackathon/app.js":{"path":"/home/ozone/Desktop/hackathon/app.js","s":{"1":1,"2":1,"3":1,"4":1,"5":1,"6":0,"7":0,"8":0,"9":1,"10":0,"11":1,"12":1},"b":{},"f":{"1":1},"fnMap":{"1":{"name":"server","line":3,"loc":{"start":{"line":3,"column":0},"end":{"line":3,"column":17}}}},"statementMap":{"1":{"start":{"line":1,"column":0},"end":{"line":1,"column":29}},"2":{"start":{"line":3,"column":0},"end":{"line":16,"column":1}},"3":{"start":{"line":4,"column":4},"end":{"line":4,"column":33}},"4":{"start":{"line":5,"column":4},"end":{"line":5,"column":22}},"5":{"start":{"line":7,"column":4},"end":{"line":11,"column":7}},"6":{"start":{"line":8,"column":8},"end":{"line":8,"column":29}},"7":{"start":{"line":9,"column":8},"end":{"line":9,"column":52}},"8":{"start":{"line":10,"column":8},"end":{"line":10,"column":39}},"9":{"start":{"line":13,"column":4},"end":{"line":15,"column":6}},"10":{"start":{"line":14,"column":8},"end":{"line":14,"column":69}},"11":{"start":{"line":18,"column":0},"end":{"line":18,"column":9}},"12":{"start":{"line":19,"column":0},"end":{"line":19,"column":23}}},"branchMap":{}}}